08:23:38: Creating resource group General
08:23:38: Creating resource group Internal
08:23:38: Creating resource group Autodetect
08:23:38: SceneManagerFactory for type 'DefaultSceneManager' registered.
08:23:38: Registering ResourceManager for type Material
08:23:38: Registering ResourceManager for type Mesh
08:23:38: Registering ResourceManager for type Skeleton
08:23:38: MovableObjectFactory for type 'ParticleSystem' registered.
08:23:38: OverlayElementFactory for type Panel registered.
08:23:38: OverlayElementFactory for type BorderPanel registered.
08:23:38: OverlayElementFactory for type TextArea registered.
08:23:38: Registering ResourceManager for type Font
08:23:38: ArchiveFactory for archive type FileSystem registered.
08:23:38: ArchiveFactory for archive type Zip registered.
08:23:38: ArchiveFactory for archive type EmbeddedZip registered.
08:23:38: DDS codec registering
08:23:38: FreeImage version: 3.15.1
08:23:38: This program uses FreeImage, a free, open source image library supporting all common bitmap formats. See http://freeimage.sourceforge.net for details
08:23:38: Supported formats: bmp,ico,jpg,jif,jpeg,jpe,jng,koa,iff,lbm,mng,pbm,pbm,pcd,pcx,pgm,pgm,png,ppm,ppm,ras,tga,targa,tif,tiff,wap,wbmp,wbm,psd,cut,xbm,xpm,gif,hdr,g3,sgi,exr,j2k,j2c,jp2,pfm,pct,pict,pic,3fr,arw,bay,bmq,cap,cine,cr2,crw,cs1,dc2,dcr,drf,dsc,dng,erf,fff,ia,iiq,k25,kc2,kdc,mdc,mef,mos,mrw,nef,nrw,orf,pef,ptx,pxn,qtk,raf,raw,rdc,rw2,rwl,rwz,sr2,srf,sti
08:23:38: Registering ResourceManager for type HighLevelGpuProgram
08:23:38: Registering ResourceManager for type Compositor
08:23:38: MovableObjectFactory for type 'Entity' registered.
08:23:38: MovableObjectFactory for type 'Light' registered.
08:23:38: MovableObjectFactory for type 'BillboardSet' registered.
08:23:38: MovableObjectFactory for type 'ManualObject' registered.
08:23:38: MovableObjectFactory for type 'BillboardChain' registered.
08:23:38: MovableObjectFactory for type 'RibbonTrail' registered.
08:23:38: Loading library /usr/lib/x86_64-linux-gnu/OGRE-1.8.0/RenderSystem_GL.so
08:23:38: Installing plugin: GL RenderSystem
08:23:38: OpenGL Rendering Subsystem created.
08:23:38: Plugin successfully installed
08:23:38: *-*-* OGRE Initialising
08:23:38: *-*-* Version 1.8.0 (Byatis)
08:23:38: Creating resource group Fonts
08:23:38: Added resource location 'media/fonts' of type 'FileSystem' to resource group 'Fonts'
08:23:38: Added resource location 'media' of type 'FileSystem' to resource group 'General'
08:23:38: Added resource location 'media/xml_schemas' of type 'FileSystem' to resource group 'General'
08:23:38: Added resource location 'media/sonidos' of type 'FileSystem' to resource group 'General'
08:23:38: Creating resource group Imagesets
08:23:38: Added resource location 'media/imagesets' of type 'FileSystem' to resource group 'Imagesets'
08:23:38: Creating resource group Layouts
08:23:38: Added resource location 'media/layouts' of type 'FileSystem' to resource group 'Layouts'
08:23:38: Creating resource group LookNFeel
08:23:38: Added resource location 'media/looknfeel' of type 'FileSystem' to resource group 'LookNFeel'
08:23:38: Added resource location 'media/entorno.zip' of type 'Zip' to resource group 'LookNFeel'
08:23:38: Added resource location 'media/purplenebula.zip' of type 'Zip' to resource group 'LookNFeel'
08:23:38: Added resource location 'media/overlays.zip' of type 'Zip' to resource group 'LookNFeel'
08:23:38: Added resource location 'media/xWing.zip' of type 'Zip' to resource group 'LookNFeel'
08:23:38: Added resource location 'media/lazerA.zip' of type 'Zip' to resource group 'LookNFeel'
08:23:38: Added resource location 'media/cassini.zip' of type 'Zip' to resource group 'LookNFeel'
08:23:38: Added resource location 'media/planetas.zip' of type 'Zip' to resource group 'LookNFeel'
08:23:38: Added resource location 'media/planetaMont.zip' of type 'Zip' to resource group 'LookNFeel'
08:23:38: Added resource location 'media/planetaRock.zip' of type 'Zip' to resource group 'LookNFeel'
08:23:38: Added resource location 'media/planetaJungle.zip' of type 'Zip' to resource group 'LookNFeel'
08:23:38: Added resource location 'media/planetaGasR.zip' of type 'Zip' to resource group 'LookNFeel'
08:23:38: Added resource location 'media/planetaNubes.zip' of type 'Zip' to resource group 'LookNFeel'
08:23:38: Added resource location 'media/lunaDeath.zip' of type 'Zip' to resource group 'LookNFeel'
08:23:38: Added resource location 'media/lunaLuna.zip' of type 'Zip' to resource group 'LookNFeel'
08:23:38: Added resource location 'media/lunaJup.zip' of type 'Zip' to resource group 'LookNFeel'
08:23:38: Added resource location 'media/lunaChatran.zip' of type 'Zip' to resource group 'LookNFeel'
08:23:38: Added resource location 'media/sol.zip' of type 'Zip' to resource group 'LookNFeel'
08:23:38: Creating resource group Schemes
08:23:38: Added resource location 'media/schemes' of type 'FileSystem' to resource group 'Schemes'
08:23:38: CPU Identifier & Features
08:23:38: -------------------------
08:23:38:  *   CPU ID: GenuineIntel: Intel(R) Core(TM) i3-3120M CPU @ 2.50GHz
08:23:38:  *      SSE: yes
08:23:38:  *     SSE2: yes
08:23:38:  *     SSE3: yes
08:23:38:  *      MMX: yes
08:23:38:  *   MMXEXT: yes
08:23:38:  *    3DNOW: no
08:23:38:  * 3DNOWEXT: no
08:23:38:  *     CMOV: yes
08:23:38:  *      TSC: yes
08:23:38:  *      FPU: yes
08:23:38:  *      PRO: yes
08:23:38:  *       HT: no
08:23:38: -------------------------
08:23:38: ******************************
*** Starting GLX Subsystem ***
******************************
08:23:38: Registering ResourceManager for type Texture
08:23:38: GLRenderSystem::_createRenderWindow "G-Cero Comando", 1920x1080 fullscreen  miscParams: FSAA=0 displayFrequency=60 Hz gamma=no vsync=no 
08:23:38: OGRE EXCEPTION(6:FileNotFoundException): Cannot locate resource GLX_icon.png in resource group General or any other group. in ResourceGroupManager::openResource at /home/momo/España/ogre_src_v1-8-0/OgreMain/src/OgreResourceGroupManager.cpp (line 756)
08:23:38: GLXWindow::create used FBConfigID = 133
08:23:38: GL_VERSION = 3.0 Mesa 8.0.5
08:23:38: GL_VENDOR = Tungsten Graphics, Inc
08:23:38: GL_RENDERER = Mesa DRI Intel(R) Ivybridge Mobile 
08:23:38: GL_EXTENSIONS = GL_ARB_multisample GL_EXT_abgr GL_EXT_bgra GL_EXT_blend_color GL_EXT_blend_minmax GL_EXT_blend_subtract GL_EXT_copy_texture GL_EXT_polygon_offset GL_EXT_subtexture GL_EXT_texture_object GL_EXT_vertex_array GL_EXT_compiled_vertex_array GL_EXT_texture GL_EXT_texture3D GL_IBM_rasterpos_clip GL_ARB_point_parameters GL_EXT_draw_range_elements GL_EXT_packed_pixels GL_EXT_point_parameters GL_EXT_rescale_normal GL_EXT_separate_specular_color GL_EXT_texture_edge_clamp GL_SGIS_generate_mipmap GL_SGIS_texture_border_clamp GL_SGIS_texture_edge_clamp GL_SGIS_texture_lod GL_ARB_framebuffer_sRGB GL_ARB_multitexture GL_EXT_framebuffer_sRGB GL_IBM_multimode_draw_arrays GL_IBM_texture_mirrored_repeat GL_3DFX_texture_compression_FXT1 GL_ARB_texture_cube_map GL_ARB_texture_env_add GL_ARB_transpose_matrix GL_EXT_blend_func_separate GL_EXT_fog_coord GL_EXT_multi_draw_arrays GL_EXT_secondary_color GL_EXT_texture_env_add GL_EXT_texture_filter_anisotropic GL_EXT_texture_lod_bias GL_INGR_blend_func_separate GL_NV_blend_square GL_NV_light_max_exponent GL_NV_texgen_reflection GL_NV_texture_env_combine4 GL_SUN_multi_draw_arrays GL_ARB_texture_border_clamp GL_ARB_texture_compression GL_EXT_framebuffer_object GL_EXT_texture_env_combine GL_EXT_texture_env_dot3 GL_MESA_window_pos GL_NV_packed_depth_stencil GL_NV_texture_rectangle GL_NV_vertex_program GL_ARB_depth_texture GL_ARB_occlusion_query GL_ARB_shadow GL_ARB_texture_env_combine GL_ARB_texture_env_crossbar GL_ARB_texture_env_dot3 GL_ARB_texture_mirrored_repeat GL_ARB_window_pos GL_ATI_envmap_bumpmap GL_EXT_stencil_two_side GL_EXT_texture_cube_map GL_NV_depth_clamp GL_NV_vertex_program1_1 GL_APPLE_packed_pixels GL_APPLE_vertex_array_object GL_ARB_draw_buffers GL_ARB_fragment_program GL_ARB_fragment_shader GL_ARB_shader_objects GL_ARB_vertex_program GL_ARB_vertex_shader GL_ATI_draw_buffers GL_ATI_texture_env_combine3 GL_ATI_texture_float GL_EXT_shadow_funcs GL_EXT_stencil_wrap GL_MESA_pack_invert GL_MESA_ycbcr_texture GL_ARB_depth_clamp GL_ARB_fragment_program_shadow GL_ARB_half_float_pixel GL_ARB_point_sprite GL_ARB_shading_language_100 GL_ARB_sync GL_ARB_texture_non_power_of_two GL_ARB_vertex_buffer_object GL_ATI_blend_equation_separate GL_EXT_blend_equation_separate GL_OES_read_format GL_ARB_color_buffer_float GL_ARB_pixel_buffer_object GL_ARB_texture_compression_rgtc GL_ARB_texture_float GL_ARB_texture_rectangle GL_EXT_packed_float GL_EXT_pixel_buffer_object GL_EXT_texture_compression_rgtc GL_EXT_texture_rectangle GL_EXT_texture_sRGB GL_EXT_texture_shared_exponent GL_ARB_framebuffer_object GL_EXT_framebuffer_blit GL_EXT_framebuffer_multisample GL_EXT_packed_depth_stencil GL_APPLE_object_purgeable GL_ARB_vertex_array_object GL_ATI_separate_stencil GL_EXT_draw_buffers2 GL_EXT_gpu_program_parameters GL_EXT_texture_array GL_EXT_texture_integer GL_EXT_texture_sRGB_decode GL_EXT_timer_query GL_OES_EGL_image GL_MESA_texture_array GL_ARB_copy_buffer GL_ARB_depth_buffer_float GL_ARB_half_float_vertex GL_ARB_map_buffer_range GL_ARB_texture_rg GL_ARB_texture_swizzle GL_ARB_vertex_array_bgra GL_EXT_separate_shader_objects GL_EXT_texture_swizzle GL_EXT_vertex_array_bgra GL_NV_conditional_render GL_ARB_ES2_compatibility GL_ARB_draw_elements_base_vertex GL_ARB_explicit_attrib_location GL_ARB_fragment_coord_conventions GL_ARB_provoking_vertex GL_ARB_sampler_objects GL_ARB_seamless_cube_map GL_ARB_shader_texture_lod GL_EXT_provoking_vertex GL_EXT_texture_snorm GL_MESA_texture_signed_rgba GL_ARB_robustness GL_EXT_transform_feedback 
08:23:38: Supported GLX extensions: GLX_ARB_get_proc_address GLX_ARB_multisample GLX_EXT_import_context GLX_EXT_visual_info GLX_EXT_visual_rating GLX_MESA_copy_sub_buffer GLX_MESA_multithread_makecurrent GLX_MESA_swap_control GLX_OML_swap_method GLX_OML_sync_control GLX_SGI_make_current_read GLX_SGI_swap_control GLX_SGI_video_sync GLX_SGIS_multisample GLX_SGIX_fbconfig GLX_SGIX_pbuffer GLX_SGIX_visual_select_group GLX_EXT_texture_from_pixmap 
08:23:38: ***************************
08:23:38: *** GL Renderer Started ***
08:23:38: ***************************
08:23:38: Registering ResourceManager for type GpuProgram
08:23:38: GLSL support detected
08:23:38: GL: Using GL_EXT_framebuffer_object for rendering to textures (best)
08:23:38: FBO PF_UNKNOWN depth/stencil support: D0S1 D0S4 D0S8 D0S16 D16S0 D16S1 D16S4 D16S8 D16S16 D24S0 D24S1 D24S4 D24S8 D24S16 D32S0 D32S1 D32S4 D32S8 D32S16 Packed-D24S8 
08:23:38: FBO PF_A8 depth/stencil support: D0S0 D0S1 D0S4 D0S8 D0S16 D16S0 D16S1 D16S4 D16S8 D16S16 D24S0 D24S1 D24S4 D24S8 D24S16 D32S0 D32S1 D32S4 D32S8 D32S16 Packed-D24S8 
08:23:38: FBO PF_R5G6B5 depth/stencil support: D0S0 D0S1 D0S4 D0S8 D0S16 D16S0 D16S1 D16S4 D16S8 D16S16 D24S0 D24S1 D24S4 D24S8 D24S16 D32S0 D32S1 D32S4 D32S8 D32S16 Packed-D24S8 
08:23:38: FBO PF_B5G6R5 depth/stencil support: D0S0 D0S1 D0S4 D0S8 D0S16 D16S0 D16S1 D16S4 D16S8 D16S16 D24S0 D24S1 D24S4 D24S8 D24S16 D32S0 D32S1 D32S4 D32S8 D32S16 Packed-D24S8 
08:23:38: FBO PF_A4R4G4B4 depth/stencil support: D0S0 D0S1 D0S4 D0S8 D0S16 D16S0 D16S1 D16S4 D16S8 D16S16 D24S0 D24S1 D24S4 D24S8 D24S16 D32S0 D32S1 D32S4 D32S8 D32S16 Packed-D24S8 
08:23:38: FBO PF_A1R5G5B5 depth/stencil support: D0S0 D0S1 D0S4 D0S8 D0S16 D16S0 D16S1 D16S4 D16S8 D16S16 D24S0 D24S1 D24S4 D24S8 D24S16 D32S0 D32S1 D32S4 D32S8 D32S16 Packed-D24S8 
08:23:38: FBO PF_R8G8B8 depth/stencil support: D0S0 D0S1 D0S4 D0S8 D0S16 D16S0 D16S1 D16S4 D16S8 D16S16 D24S0 D24S1 D24S4 D24S8 D24S16 D32S0 D32S1 D32S4 D32S8 D32S16 Packed-D24S8 
08:23:38: FBO PF_B8G8R8 depth/stencil support: D0S0 D0S1 D0S4 D0S8 D0S16 D16S0 D16S1 D16S4 D16S8 D16S16 D24S0 D24S1 D24S4 D24S8 D24S16 D32S0 D32S1 D32S4 D32S8 D32S16 Packed-D24S8 
08:23:38: FBO PF_A8R8G8B8 depth/stencil support: D0S0 D0S1 D0S4 D0S8 D0S16 D16S0 D16S1 D16S4 D16S8 D16S16 D24S0 D24S1 D24S4 D24S8 D24S16 D32S0 D32S1 D32S4 D32S8 D32S16 Packed-D24S8 
08:23:38: FBO PF_B8G8R8A8 depth/stencil support: D0S0 D0S1 D0S4 D0S8 D0S16 D16S0 D16S1 D16S4 D16S8 D16S16 D24S0 D24S1 D24S4 D24S8 D24S16 D32S0 D32S1 D32S4 D32S8 D32S16 Packed-D24S8 
08:23:38: FBO PF_A2R10G10B10 depth/stencil support: D0S0 D0S1 D0S4 D0S8 D0S16 D16S0 D16S1 D16S4 D16S8 D16S16 D24S0 D24S1 D24S4 D24S8 D24S16 D32S0 D32S1 D32S4 D32S8 D32S16 Packed-D24S8 
08:23:38: FBO PF_A2B10G10R10 depth/stencil support: D0S0 D0S1 D0S4 D0S8 D0S16 D16S0 D16S1 D16S4 D16S8 D16S16 D24S0 D24S1 D24S4 D24S8 D24S16 D32S0 D32S1 D32S4 D32S8 D32S16 Packed-D24S8 
08:23:38: FBO PF_FLOAT16_RGB depth/stencil support: D0S0 D0S1 D0S4 D0S8 D0S16 D16S0 D16S1 D16S4 D16S8 D16S16 D24S0 D24S1 D24S4 D24S8 D24S16 D32S0 D32S1 D32S4 D32S8 D32S16 Packed-D24S8 
08:23:38: FBO PF_FLOAT16_RGBA depth/stencil support: D0S0 D0S1 D0S4 D0S8 D0S16 D16S0 D16S1 D16S4 D16S8 D16S16 D24S0 D24S1 D24S4 D24S8 D24S16 D32S0 D32S1 D32S4 D32S8 D32S16 Packed-D24S8 
08:23:38: FBO PF_FLOAT32_RGB depth/stencil support: D0S0 D0S1 D0S4 D0S8 D0S16 D16S0 D16S1 D16S4 D16S8 D16S16 D24S0 D24S1 D24S4 D24S8 D24S16 D32S0 D32S1 D32S4 D32S8 D32S16 Packed-D24S8 
08:23:38: FBO PF_FLOAT32_RGBA depth/stencil support: D0S0 D0S1 D0S4 D0S8 D0S16 D16S0 D16S1 D16S4 D16S8 D16S16 D24S0 D24S1 D24S4 D24S8 D24S16 D32S0 D32S1 D32S4 D32S8 D32S16 Packed-D24S8 
08:23:38: FBO PF_X8R8G8B8 depth/stencil support: D0S0 D0S1 D0S4 D0S8 D0S16 D16S0 D16S1 D16S4 D16S8 D16S16 D24S0 D24S1 D24S4 D24S8 D24S16 D32S0 D32S1 D32S4 D32S8 D32S16 Packed-D24S8 
08:23:38: FBO PF_X8B8G8R8 depth/stencil support: D0S0 D0S1 D0S4 D0S8 D0S16 D16S0 D16S1 D16S4 D16S8 D16S16 D24S0 D24S1 D24S4 D24S8 D24S16 D32S0 D32S1 D32S4 D32S8 D32S16 Packed-D24S8 
08:23:38: FBO PF_SHORT_RGBA depth/stencil support: D0S0 D0S1 D0S4 D0S8 D0S16 D16S0 D16S1 D16S4 D16S8 D16S16 D24S0 D24S1 D24S4 D24S8 D24S16 D32S0 D32S1 D32S4 D32S8 D32S16 Packed-D24S8 
08:23:38: FBO PF_R3G3B2 depth/stencil support: D0S0 D0S1 D0S4 D0S8 D0S16 D16S0 D16S1 D16S4 D16S8 D16S16 D24S0 D24S1 D24S4 D24S8 D24S16 D32S0 D32S1 D32S4 D32S8 D32S16 Packed-D24S8 
08:23:38: FBO PF_FLOAT16_R depth/stencil support: D0S0 D0S1 D0S4 D0S8 D0S16 D16S0 D16S1 D16S4 D16S8 D16S16 D24S0 D24S1 D24S4 D24S8 D24S16 D32S0 D32S1 D32S4 D32S8 D32S16 Packed-D24S8 
08:23:38: FBO PF_FLOAT32_R depth/stencil support: D0S0 D0S1 D0S4 D0S8 D0S16 D16S0 D16S1 D16S4 D16S8 D16S16 D24S0 D24S1 D24S4 D24S8 D24S16 D32S0 D32S1 D32S4 D32S8 D32S16 Packed-D24S8 
08:23:38: FBO PF_SHORT_RGB depth/stencil support: D0S0 D0S1 D0S4 D0S8 D0S16 D16S0 D16S1 D16S4 D16S8 D16S16 D24S0 D24S1 D24S4 D24S8 D24S16 D32S0 D32S1 D32S4 D32S8 D32S16 Packed-D24S8 
08:23:38: [GL] : Valid FBO targets PF_UNKNOWN PF_A8 PF_R5G6B5 PF_B5G6R5 PF_A4R4G4B4 PF_A1R5G5B5 PF_R8G8B8 PF_B8G8R8 PF_A8R8G8B8 PF_B8G8R8A8 PF_A2R10G10B10 PF_A2B10G10R10 PF_FLOAT16_RGB PF_FLOAT16_RGBA PF_FLOAT32_RGB PF_FLOAT32_RGBA PF_X8R8G8B8 PF_X8B8G8R8 PF_SHORT_RGBA PF_R3G3B2 PF_FLOAT16_R PF_FLOAT32_R PF_SHORT_RGB 
08:23:38: RenderSystem capabilities
08:23:38: -------------------------
08:23:38: RenderSystem Name: OpenGL Rendering Subsystem
08:23:38: GPU Vendor: unknown
08:23:38: Device Name: Mesa DRI Intel(R) Ivybridge Mobile 
08:23:38: Driver Version: 3.0.0.0
08:23:38:  * Fixed function pipeline: yes
08:23:38:  * Hardware generation of mipmaps: yes
08:23:38:  * Texture blending: yes
08:23:38:  * Anisotropic texture filtering: yes
08:23:38:  * Dot product texture operation: yes
08:23:38:  * Cube mapping: yes
08:23:38:  * Hardware stencil buffer: yes
08:23:38:    - Stencil depth: 8
08:23:38:    - Two sided stencil support: yes
08:23:38:    - Wrap stencil values: yes
08:23:38:  * Hardware vertex / index buffers: yes
08:23:38:  * Vertex programs: yes
08:23:38:  * Number of floating-point constants for vertex programs: 4096
08:23:38:  * Number of integer constants for vertex programs: 0
08:23:38:  * Number of boolean constants for vertex programs: 0
08:23:38:  * Fragment programs: yes
08:23:38:  * Number of floating-point constants for fragment programs: 4096
08:23:38:  * Number of integer constants for fragment programs: 0
08:23:38:  * Number of boolean constants for fragment programs: 0
08:23:38:  * Geometry programs: no
08:23:38:  * Number of floating-point constants for geometry programs: 0
08:23:38:  * Number of integer constants for geometry programs: 0
08:23:38:  * Number of boolean constants for geometry programs: 0
08:23:38:  * Supported Shader Profiles: arbfp1 arbvp1 glsl
08:23:38:  * Texture Compression: yes
08:23:38:    - DXT: no
08:23:38:    - VTC: no
08:23:38:    - PVRTC: no
08:23:38:  * Scissor Rectangle: yes
08:23:38:  * Hardware Occlusion Query: yes
08:23:38:  * User clip planes: yes
08:23:38:  * VET_UBYTE4 vertex element type: yes
08:23:38:  * Infinite far plane projection: yes
08:23:38:  * Hardware render-to-texture: yes
08:23:38:  * Floating point textures: yes
08:23:38:  * Non-power-of-two textures: yes
08:23:38:  * Volume textures: yes
08:23:38:  * Multiple Render Targets: 8
08:23:38:    - With different bit depths: yes
08:23:38:  * Point Sprites: yes
08:23:38:  * Extended point parameters: yes
08:23:38:  * Max Point Size: 255
08:23:38:  * Vertex texture fetch: yes
08:23:38:  * Number of world matrices: 0
08:23:38:  * Number of texture units: 16
08:23:38:  * Stencil buffer depth: 8
08:23:38:  * Number of vertex blend matrices: 0
08:23:38:    - Max vertex textures: 16
08:23:38:    - Vertex textures shared: yes
08:23:38:  * Render to Vertex Buffer : no
08:23:38:  * GL 1.5 without VBO workaround: no
08:23:38:  * Frame Buffer objects: yes
08:23:38:  * Frame Buffer objects (ARB extension): no
08:23:38:  * Frame Buffer objects (ATI extension): no
08:23:38:  * PBuffer support: yes
08:23:38:  * GL 1.5 without HW-occlusion workaround: no
08:23:38:  * Separate shader objects: no
08:23:38: DefaultWorkQueue('Root') initialising on thread 0x2141590.
08:23:38: DefaultWorkQueue('Root')::WorkerFunc - thread 0x23649e0 starting.
08:23:38: DefaultWorkQueue('Root')::WorkerFunc - thread 0x2364bc0 starting.
08:23:38: DefaultWorkQueue('Root')::WorkerFunc - thread 0x2361720 starting.
08:23:38: DefaultWorkQueue('Root')::WorkerFunc - thread 0x2362160 starting.
08:23:38: Particle Renderer Type 'billboard' registered
08:23:38: Parsing scripts for resource group Autodetect
08:23:38: Finished parsing scripts for resource group Autodetect
08:23:38: Creating resources for group Autodetect
08:23:38: All done
08:23:38: Parsing scripts for resource group Fonts
08:23:38: Parsing script Blue.fontdef
08:23:38: Finished parsing scripts for resource group Fonts
08:23:38: Creating resources for group Fonts
08:23:38: All done
08:23:38: Parsing scripts for resource group General
08:23:38: Finished parsing scripts for resource group General
08:23:38: Creating resources for group General
08:23:38: All done
08:23:38: Parsing scripts for resource group Imagesets
08:23:38: Finished parsing scripts for resource group Imagesets
08:23:38: Creating resources for group Imagesets
08:23:38: All done
08:23:38: Parsing scripts for resource group Internal
08:23:38: Finished parsing scripts for resource group Internal
08:23:38: Creating resources for group Internal
08:23:38: All done
08:23:38: Parsing scripts for resource group Layouts
08:23:38: Finished parsing scripts for resource group Layouts
08:23:38: Creating resources for group Layouts
08:23:38: All done
08:23:38: Parsing scripts for resource group LookNFeel
08:23:38: Parsing script sky.material
08:23:38: Parsing script ground.material
08:23:38: Parsing script panels.material
08:23:38: Parsing script blinn1.material
08:23:38: Parsing script phong1.material
08:23:38: Parsing script vidrios.material
08:23:38: Parsing script exterior.material
08:23:38: Parsing script interior.material
08:23:38: Parsing script cassini.material
08:23:38: Parsing script Material.001.material
08:23:38: Parsing script planetaMont.material
08:23:38: Parsing script planetaRock.material
08:23:38: Parsing script planetaJungle.material
08:23:38: Parsing script planetaGasR.material
08:23:38: Parsing script planetaNubes.material
08:23:38: Parsing script lunaDeath.material
08:23:38: Parsing script lunaLuna.material
08:23:38: Parsing script lunaJup.material
08:23:38: Parsing script lunaChatran.material
08:23:38: Parsing script sol.material
08:23:38: Parsing script panels.overlay
08:23:38: Texture: green_box.png: Loading 1 faces(PF_A8R8G8B8,1066x270x1) with 10 hardware generated mipmaps from Image. Internal format is PF_A8R8G8B8,1066x270x1.
08:23:38: Finished parsing scripts for resource group LookNFeel
08:23:38: Creating resources for group LookNFeel
08:23:38: All done
08:23:38: Parsing scripts for resource group Schemes
08:23:38: Finished parsing scripts for resource group Schemes
08:23:38: Creating resources for group Schemes
08:23:38: All done
08:23:38: Texture: purplenebula_fr.jpg: Loading 1 faces(PF_R8G8B8,512x512x1) with 9 hardware generated mipmaps from Image. Internal format is PF_X8R8G8B8,512x512x1.
08:23:38: Texture: purplenebula_bk.jpg: Loading 1 faces(PF_R8G8B8,512x512x1) with 9 hardware generated mipmaps from Image. Internal format is PF_X8R8G8B8,512x512x1.
08:23:38: Texture: purplenebula_lf.jpg: Loading 1 faces(PF_R8G8B8,512x512x1) with 9 hardware generated mipmaps from Image. Internal format is PF_X8R8G8B8,512x512x1.
08:23:38: Texture: purplenebula_rt.jpg: Loading 1 faces(PF_R8G8B8,512x512x1) with 9 hardware generated mipmaps from Image. Internal format is PF_X8R8G8B8,512x512x1.
08:23:38: Texture: purplenebula_up.jpg: Loading 1 faces(PF_R8G8B8,512x512x1) with 9 hardware generated mipmaps from Image. Internal format is PF_X8R8G8B8,512x512x1.
08:23:38: Texture: purplenebula_dn.jpg: Loading 1 faces(PF_R8G8B8,512x512x1) with 9 hardware generated mipmaps from Image. Internal format is PF_X8R8G8B8,512x512x1.
08:23:38: Texture: _cegui_ogre_0: Loading 1 faces(PF_A8B8G8R8,256x256x1) Internal format is PF_A8R8G8B8,256x256x1.
08:23:38: Mesh: Loading lunaLuna.mesh.
08:23:38: WARNING: lunaLuna.mesh is an older format ([MeshSerializer_v1.41]); you should upgrade it as soon as possible using the OgreMeshUpgrade tool.
08:23:38: Texture: moonmap4k.jpg: Loading 1 faces(PF_R8G8B8,1600x800x1) with 10 hardware generated mipmaps from Image. Internal format is PF_X8R8G8B8,1600x800x1.
08:23:38: Mesh: Loading planetaMont.mesh.
08:23:38: WARNING: planetaMont.mesh is an older format ([MeshSerializer_v1.41]); you should upgrade it as soon as possible using the OgreMeshUpgrade tool.
08:23:39: Texture: mountainworld.jpg: Loading 1 faces(PF_R8G8B8,3000x1500x1) with 11 hardware generated mipmaps from Image. Internal format is PF_X8R8G8B8,3000x1500x1.
08:23:39: Texture: spot_shadow_fade.png: Loading 1 faces(PF_R8G8B8,128x128x1) with 7 hardware generated mipmaps from Image. Internal format is PF_X8R8G8B8,128x128x1.
08:23:39: Creating resource group OgreBulletCollisions
08:23:39: Registering ResourceManager for type Track
08:23:39: Registering ResourceManager for type SoundFX
08:23:39: Mesh: Loading xWing.mesh.
08:23:39: WARNING: xWing.mesh is an older format ([MeshSerializer_v1.41]); you should upgrade it as soon as possible using the OgreMeshUpgrade tool.
08:23:39: Texture: ARC170_TXT_VERSION_4_D.tga: Loading 1 faces(PF_R8G8B8,1024x1024x1) with 10 hardware generated mipmaps from Image. Internal format is PF_X8R8G8B8,1024x1024x1.
08:23:40: Mesh: Loading cassini.mesh.
08:23:40: WARNING: cassini.mesh is an older format ([MeshSerializer_v1.41]); you should upgrade it as soon as possible using the OgreMeshUpgrade tool.
08:23:40: Texture: MetalBare0100_6_S.jpg: Loading 1 faces(PF_R8G8B8,1024x768x1) with 10 hardware generated mipmaps from Image. Internal format is PF_X8R8G8B8,1024x768x1.
08:23:40: Mesh: Loading sol.mesh.
08:23:40: WARNING: sol.mesh is an older format ([MeshSerializer_v1.41]); you should upgrade it as soon as possible using the OgreMeshUpgrade tool.
08:23:40: Texture: sol.jpg: Loading 1 faces(PF_R8G8B8,3000x1500x1) with 11 hardware generated mipmaps from Image. Internal format is PF_X8R8G8B8,3000x1500x1.
08:23:40: Mesh: Loading lunaDeath.mesh.
08:23:40: WARNING: lunaDeath.mesh is an older format ([MeshSerializer_v1.41]); you should upgrade it as soon as possible using the OgreMeshUpgrade tool.
08:23:40: Texture: Deathstarsurface_edit.jpg: Loading 1 faces(PF_R8G8B8,640x589x1) with 9 hardware generated mipmaps from Image. Internal format is PF_X8R8G8B8,640x589x1.
08:23:40: Mesh: Loading planetaJungle.mesh.
08:23:40: WARNING: planetaJungle.mesh is an older format ([MeshSerializer_v1.41]); you should upgrade it as soon as possible using the OgreMeshUpgrade tool.
08:23:40: Texture: jungle.jpg: Loading 1 faces(PF_R8G8B8,3000x1500x1) with 11 hardware generated mipmaps from Image. Internal format is PF_X8R8G8B8,3000x1500x1.
08:23:40: Mesh: Loading lunaChatran.mesh.
08:23:40: WARNING: lunaChatran.mesh is an older format ([MeshSerializer_v1.41]); you should upgrade it as soon as possible using the OgreMeshUpgrade tool.
08:23:40: Texture: planet-surface-texture.png: Loading 1 faces(PF_A8R8G8B8,1200x600x1) with 10 hardware generated mipmaps from Image. Internal format is PF_A8R8G8B8,1200x600x1.
08:23:40: Mesh: Loading planetaNubes.mesh.
08:23:40: WARNING: planetaNubes.mesh is an older format ([MeshSerializer_v1.41]); you should upgrade it as soon as possible using the OgreMeshUpgrade tool.
08:23:40: Texture: heavy-Clouds2700.jpg: Loading 1 faces(PF_L8,2743x1371x1) with 11 hardware generated mipmaps from Image. Internal format is PF_L8,2743x1371x1.
08:23:40: Mesh: Loading lunaJup.mesh.
08:23:40: WARNING: lunaJup.mesh is an older format ([MeshSerializer_v1.41]); you should upgrade it as soon as possible using the OgreMeshUpgrade tool.
08:23:40: Texture: jupitermap.jpg: Loading 1 faces(PF_R8G8B8,1024x512x1) with 10 hardware generated mipmaps from Image. Internal format is PF_X8R8G8B8,1024x512x1.
08:23:40: Mesh: Loading planetaLava.mesh.
08:23:40: WARNING: planetaLava.mesh is an older format ([MeshSerializer_v1.41]); you should upgrade it as soon as possible using the OgreMeshUpgrade tool.
08:23:40: Texture: lava.jpg: Loading 1 faces(PF_R8G8B8,1000x800x1) with 9 hardware generated mipmaps from Image. Internal format is PF_X8R8G8B8,1000x800x1.
08:23:40: Mesh: Loading planetaGasR.mesh.
08:23:40: WARNING: planetaGasR.mesh is an older format ([MeshSerializer_v1.41]); you should upgrade it as soon as possible using the OgreMeshUpgrade tool.
08:23:41: Texture: gas_red.jpg: Loading 1 faces(PF_R8G8B8,4000x1500x1) with 11 hardware generated mipmaps from Image. Internal format is PF_X8R8G8B8,4000x1500x1.
08:23:41: Font Blue using texture size 512x512
08:23:41: Info: Freetype returned null for character 127 in font Blue
08:23:41: Info: Freetype returned null for character 128 in font Blue
08:23:41: Info: Freetype returned null for character 129 in font Blue
08:23:41: Info: Freetype returned null for character 130 in font Blue
08:23:41: Info: Freetype returned null for character 131 in font Blue
08:23:41: Info: Freetype returned null for character 132 in font Blue
08:23:41: Info: Freetype returned null for character 133 in font Blue
08:23:41: Info: Freetype returned null for character 134 in font Blue
08:23:41: Info: Freetype returned null for character 135 in font Blue
08:23:41: Info: Freetype returned null for character 136 in font Blue
08:23:41: Info: Freetype returned null for character 137 in font Blue
08:23:41: Info: Freetype returned null for character 138 in font Blue
08:23:41: Info: Freetype returned null for character 139 in font Blue
08:23:41: Info: Freetype returned null for character 140 in font Blue
08:23:41: Info: Freetype returned null for character 141 in font Blue
08:23:41: Info: Freetype returned null for character 142 in font Blue
08:23:41: Info: Freetype returned null for character 143 in font Blue
08:23:41: Info: Freetype returned null for character 144 in font Blue
08:23:41: Info: Freetype returned null for character 145 in font Blue
08:23:41: Info: Freetype returned null for character 146 in font Blue
08:23:41: Info: Freetype returned null for character 147 in font Blue
08:23:41: Info: Freetype returned null for character 148 in font Blue
08:23:41: Info: Freetype returned null for character 149 in font Blue
08:23:41: Info: Freetype returned null for character 150 in font Blue
08:23:41: Info: Freetype returned null for character 151 in font Blue
08:23:41: Info: Freetype returned null for character 152 in font Blue
08:23:41: Info: Freetype returned null for character 153 in font Blue
08:23:41: Info: Freetype returned null for character 154 in font Blue
08:23:41: Info: Freetype returned null for character 155 in font Blue
08:23:41: Info: Freetype returned null for character 156 in font Blue
08:23:41: Info: Freetype returned null for character 157 in font Blue
08:23:41: Info: Freetype returned null for character 158 in font Blue
08:23:41: Info: Freetype returned null for character 159 in font Blue
08:23:41: Info: Freetype returned null for character 160 in font Blue
08:23:41: Texture: BlueTexture: Loading 1 faces(PF_BYTE_LA,512x512x1) Internal format is PF_BYTE_LA,512x512x1.
08:23:47: Mesh: Loading lazerA.mesh.
08:23:47: WARNING: lazerA.mesh is an older format ([MeshSerializer_v1.41]); you should upgrade it as soon as possible using the OgreMeshUpgrade tool.
08:24:55: DefaultWorkQueue('Root') shutting down on thread 0x2141590.
08:24:55: DefaultWorkQueue('Root')::WorkerFunc - thread 0x23649e0 stopped.
08:24:55: DefaultWorkQueue('Root')::WorkerFunc - thread 0x2364bc0 stopped.
08:24:55: DefaultWorkQueue('Root')::WorkerFunc - thread 0x2361720 stopped.
08:24:55: DefaultWorkQueue('Root')::WorkerFunc - thread 0x2362160 stopped.
08:24:55: *-*-* OGRE Shutdown
08:24:55: Unregistering ResourceManager for type Compositor
08:24:55: Unregistering ResourceManager for type Font
08:24:55: Unregistering ResourceManager for type Skeleton
08:24:55: Unregistering ResourceManager for type Mesh
08:24:55: Unregistering ResourceManager for type HighLevelGpuProgram
08:24:55: Uninstalling plugin: GL RenderSystem
08:24:55: Unregistering ResourceManager for type GpuProgram
08:24:55: ******************************
*** Stopping GLX Subsystem ***
******************************
08:24:55: Unregistering ResourceManager for type Texture
08:24:55: Plugin successfully uninstalled
08:24:55: Unloading library /usr/lib/x86_64-linux-gnu/OGRE-1.8.0/RenderSystem_GL.so
08:24:55: Unregistering ResourceManager for type Material
